[ERROR - 2017-12-11T06:03:46.171Z] Session [0b05c880-de39-11e7-a72e-dda6bd3474d9] - page.onError - msg: TypeError: undefined is not a constructor (evaluating 'jQuery110200015368019230663776_1512972224892')
[ERROR - 2017-12-11T06:03:46.172Z] Session [0b05c880-de39-11e7-a72e-dda6bd3474d9] - page.onError - stack:
  global code (https://sp0.baidu.com/5a1Fazu8AA54nxGko9WTAnF6hhy/su?wd=i&json=1&p=3&sid=22778_1462_24868_21091_17001_25178_20930&csor=1&cb=jQuery110200015368019230663776_1512972224892&_=1512972224894:1)
[ERROR - 2017-12-11T06:03:46.224Z] Session [0b05c880-de39-11e7-a72e-dda6bd3474d9] - page.onError - msg: TypeError: undefined is not a constructor (evaluating 'jQuery110200015368019230663776_1512972224892')
[ERROR - 2017-12-11T06:03:46.225Z] Session [0b05c880-de39-11e7-a72e-dda6bd3474d9] - page.onError - stack:
  global code (https://sp0.baidu.com/5a1Fazu8AA54nxGko9WTAnF6hhy/su?wd=int&json=1&p=3&sid=22778_1462_24868_21091_17001_25178_20930&csor=3&pwd=in&cb=jQuery110200015368019230663776_1512972224892&_=1512972224896:1)
[ERROR - 2017-12-11T06:03:46.226Z] Session [0b05c880-de39-11e7-a72e-dda6bd3474d9] - page.onError - msg: TypeError: undefined is not a constructor (evaluating 'jQuery110200015368019230663776_1512972224892')
[ERROR - 2017-12-11T06:03:46.226Z] Session [0b05c880-de39-11e7-a72e-dda6bd3474d9] - page.onError - stack:
  global code (https://sp0.baidu.com/5a1Fazu8AA54nxGko9WTAnF6hhy/su?wd=inte&json=1&p=3&sid=22778_1462_24868_21091_17001_25178_20930&csor=4&pwd=int&cb=jQuery110200015368019230663776_1512972224892&_=1512972224897:1)
[ERROR - 2017-12-11T06:03:46.256Z] Session [0b05c880-de39-11e7-a72e-dda6bd3474d9] - page.onError - msg: TypeError: undefined is not a constructor (evaluating 'jQuery110200015368019230663776_1512972224892')
[ERROR - 2017-12-11T06:03:46.256Z] Session [0b05c880-de39-11e7-a72e-dda6bd3474d9] - page.onError - stack:
  global code (https://sp0.baidu.com/5a1Fazu8AA54nxGko9WTAnF6hhy/su?wd=intel&json=1&p=3&sid=22778_1462_24868_21091_17001_25178_20930&csor=5&pwd=inte&cb=jQuery110200015368019230663776_1512972224892&_=1512972224898:1)
[ERROR - 2017-12-11T06:03:46.257Z] Session [0b05c880-de39-11e7-a72e-dda6bd3474d9] - page.onError - msg: TypeError: undefined is not a constructor (evaluating 'jQuery110200015368019230663776_1512972224892')
[ERROR - 2017-12-11T06:03:46.257Z] Session [0b05c880-de39-11e7-a72e-dda6bd3474d9] - page.onError - stack:
  global code (https://sp0.baidu.com/5a1Fazu8AA54nxGko9WTAnF6hhy/su?wd=intell&json=1&p=3&sid=22778_1462_24868_21091_17001_25178_20930&csor=6&pwd=intel&cb=jQuery110200015368019230663776_1512972224892&_=1512972224899:1)
[ERROR - 2017-12-11T06:03:46.350Z] Session [0b05c880-de39-11e7-a72e-dda6bd3474d9] - page.onError - msg: TypeError: undefined is not a constructor (evaluating 'jQuery110200015368019230663776_1512972224892')
[ERROR - 2017-12-11T06:03:46.350Z] Session [0b05c880-de39-11e7-a72e-dda6bd3474d9] - page.onError - stack:
  global code (https://sp0.baidu.com/5a1Fazu8AA54nxGko9WTAnF6hhy/su?wd=intelli&json=1&p=3&sid=22778_1462_24868_21091_17001_25178_20930&csor=7&pwd=intell&cb=jQuery110200015368019230663776_1512972224892&_=1512972224900:1)
[ERROR - 2017-12-11T06:03:46.353Z] Session [0b05c880-de39-11e7-a72e-dda6bd3474d9] - page.onError - msg: TypeError: undefined is not a constructor (evaluating 'jQuery110200015368019230663776_1512972224892')
[ERROR - 2017-12-11T06:03:46.354Z] Session [0b05c880-de39-11e7-a72e-dda6bd3474d9] - page.onError - stack:
  global code (https://sp0.baidu.com/5a1Fazu8AA54nxGko9WTAnF6hhy/su?wd=intellij&json=1&p=3&sid=22778_1462_24868_21091_17001_25178_20930&csor=8&pwd=intelli&cb=jQuery110200015368019230663776_1512972224892&_=1512972224901:1)
[ERROR - 2017-12-11T06:03:46.408Z] Session [0b05c880-de39-11e7-a72e-dda6bd3474d9] - page.onError - msg: TypeError: undefined is not a constructor (evaluating 'jQuery110200015368019230663776_1512972224892')
[ERROR - 2017-12-11T06:03:46.408Z] Session [0b05c880-de39-11e7-a72e-dda6bd3474d9] - page.onError - stack:
  global code (https://sp0.baidu.com/5a1Fazu8AA54nxGko9WTAnF6hhy/su?wd=intellij%20&json=1&p=3&sid=22778_1462_24868_21091_17001_25178_20930&csor=9&pwd=intellij&cb=jQuery110200015368019230663776_1512972224892&_=1512972224902:1)
[ERROR - 2017-12-11T06:03:46.410Z] Session [0b05c880-de39-11e7-a72e-dda6bd3474d9] - page.onError - msg: TypeError: undefined is not a constructor (evaluating 'jQuery110200015368019230663776_1512972224892')
[ERROR - 2017-12-11T06:03:46.410Z] Session [0b05c880-de39-11e7-a72e-dda6bd3474d9] - page.onError - stack:
  global code (https://sp0.baidu.com/5a1Fazu8AA54nxGko9WTAnF6hhy/su?wd=intellij%20i&json=1&p=3&sid=22778_1462_24868_21091_17001_25178_20930&csor=10&pwd=intellij%20&cb=jQuery110200015368019230663776_1512972224892&_=1512972224903:1)
[ERROR - 2017-12-11T06:03:46.447Z] Session [0b05c880-de39-11e7-a72e-dda6bd3474d9] - page.onError - msg: TypeError: undefined is not a constructor (evaluating 'jQuery110200015368019230663776_1512972224892')
[ERROR - 2017-12-11T06:03:46.447Z] Session [0b05c880-de39-11e7-a72e-dda6bd3474d9] - page.onError - stack:
  global code (https://sp0.baidu.com/5a1Fazu8AA54nxGko9WTAnF6hhy/su?wd=intellij%20id&json=1&p=3&sid=22778_1462_24868_21091_17001_25178_20930&csor=11&pwd=intellij%20i&cb=jQuery110200015368019230663776_1512972224892&_=1512972224904:1)
[ERROR - 2017-12-11T06:03:46.450Z] Session [0b05c880-de39-11e7-a72e-dda6bd3474d9] - page.onError - msg: TypeError: undefined is not a constructor (evaluating 'jQuery110200015368019230663776_1512972224892')
[ERROR - 2017-12-11T06:03:46.451Z] Session [0b05c880-de39-11e7-a72e-dda6bd3474d9] - page.onError - stack:
  global code (https://sp0.baidu.com/5a1Fazu8AA54nxGko9WTAnF6hhy/su?wd=intellij%20ide&json=1&p=3&sid=22778_1462_24868_21091_17001_25178_20930&csor=12&pwd=intellij%20id&cb=jQuery110200015368019230663776_1512972224892&_=1512972224905:1)
[ERROR - 2017-12-11T06:03:46.634Z] Session [0b05c880-de39-11e7-a72e-dda6bd3474d9] - page.onError - msg: TypeError: undefined is not a constructor (evaluating 'jQuery110200015368019230663776_1512972224892')
[ERROR - 2017-12-11T06:03:46.634Z] Session [0b05c880-de39-11e7-a72e-dda6bd3474d9] - page.onError - stack:
  global code (https://sp0.baidu.com/5a1Fazu8AA54nxGko9WTAnF6hhy/su?wd=intellij%20idea&json=1&p=3&sid=22778_1462_24868_21091_17001_25178_20930&csor=13&pwd=intellij%20ide&cb=jQuery110200015368019230663776_1512972224892&_=1512972224906:1)
[ERROR - 2017-12-11T06:17:25.607Z] Session [f3a2ed60-de3a-11e7-9200-21581be72360] - page.onError - msg: [object Object]
[ERROR - 2017-12-11T06:17:25.608Z] Session [f3a2ed60-de3a-11e7-9200-21581be72360] - page.onError - stack:
  apply (:0)
[ERROR - 2017-12-11T06:23:13.796Z] Session [c37f0e10-de3b-11e7-af4e-1f19272d6bb1] - page.onError - msg: [object Object]
[ERROR - 2017-12-11T06:23:13.797Z] Session [c37f0e10-de3b-11e7-af4e-1f19272d6bb1] - page.onError - stack:
  apply (:0)
[ERROR - 2017-12-11T06:38:48.383Z] Session [f08c5730-de3d-11e7-91b6-01a6e75f55f4] - page.onError - msg: [object Object]
[ERROR - 2017-12-11T06:38:48.384Z] Session [f08c5730-de3d-11e7-91b6-01a6e75f55f4] - page.onError - stack:
  apply (:0)
[ERROR - 2017-12-11T07:20:13.745Z] Session [b5b3bd00-de43-11e7-b36a-e596b244ba52] - page.onError - msg: [object Object]
[ERROR - 2017-12-11T07:20:13.745Z] Session [b5b3bd00-de43-11e7-b36a-e596b244ba52] - page.onError - stack:
  apply (:0)
[ERROR - 2017-12-11T07:21:25.519Z] Session [e47e7f80-de43-11e7-8ef1-9d5b54bb393f] - page.onError - msg: [object Object]
[ERROR - 2017-12-11T07:21:25.519Z] Session [e47e7f80-de43-11e7-8ef1-9d5b54bb393f] - page.onError - stack:
  apply (:0)
[ERROR - 2017-12-11T07:24:42.769Z] Session [59faa3b0-de44-11e7-84a8-5d053bbcbe5d] - page.onError - msg: [object Object]
[ERROR - 2017-12-11T07:24:42.769Z] Session [59faa3b0-de44-11e7-84a8-5d053bbcbe5d] - page.onError - stack:
  apply (:0)
[ERROR - 2017-12-11T07:30:15.549Z] Session [20467e90-de45-11e7-b950-354a04baa1c9] - page.onError - msg: [object Object]
[ERROR - 2017-12-11T07:30:15.549Z] Session [20467e90-de45-11e7-b950-354a04baa1c9] - page.onError - stack:
  apply (:0)
